[debug] [2024-07-05T17:18:40.609Z] ----------------------------------------------------------------------
[debug] [2024-07-05T17:18:40.613Z] Command:       /Users/douglas.szeto/.nvm/versions/node/v20.15.0/bin/node /Users/douglas.szeto/.nvm/versions/node/v20.15.0/bin/firebase init
[debug] [2024-07-05T17:18:40.613Z] CLI Version:   13.13.0
[debug] [2024-07-05T17:18:40.613Z] Platform:      darwin
[debug] [2024-07-05T17:18:40.613Z] Node Version:  v20.15.0
[debug] [2024-07-05T17:18:40.613Z] Time:          Fri Jul 05 2024 13:18:40 GMT-0400 (Eastern Daylight Time)
[debug] [2024-07-05T17:18:40.614Z] ----------------------------------------------------------------------
[debug] 
[debug] [2024-07-05T17:18:40.621Z] > command requires scopes: ["email","openid","https://www.googleapis.com/auth/cloudplatformprojects.readonly","https://www.googleapis.com/auth/firebase","https://www.googleapis.com/auth/cloud-platform"]
[debug] [2024-07-05T17:18:40.621Z] > authorizing via signed-in user (douglas.s.szeto@gmail.com)
[info] 
     ######## #### ########  ######## ########     ###     ######  ########
     ##        ##  ##     ## ##       ##     ##  ##   ##  ##       ##
     ######    ##  ########  ######   ########  #########  ######  ######
     ##        ##  ##    ##  ##       ##     ## ##     ##       ## ##
     ##       #### ##     ## ######## ########  ##     ##  ######  ########

You're about to initialize a Firebase project in this directory:

  /Users/douglas.szeto/Projects/nextfire-app

[info] 
=== Project Setup
[info] 
[info] First, let's associate this project directory with a Firebase project.
[info] You can create multiple project aliases by running firebase use --add, 
[info] but for now we'll just set up a default project.
[info] 
[debug] [2024-07-05T17:19:54.830Z] >>> [apiv2][query] GET https://firebase.googleapis.com/v1beta1/projects pageSize=100
[debug] [2024-07-05T17:19:55.308Z] <<< [apiv2][status] GET https://firebase.googleapis.com/v1beta1/projects 200
[debug] [2024-07-05T17:19:55.308Z] <<< [apiv2][body] GET https://firebase.googleapis.com/v1beta1/projects [omitted]
[info] i  Using project nextfire-5f873 (nextfire) 
[info] 
=== Database Setup
[info] i  database: ensuring required API firebasedatabase.googleapis.com is enabled... 
[debug] [2024-07-05T17:19:57.516Z] >>> [apiv2][query] GET https://serviceusage.googleapis.com/v1/projects/nextfire-5f873/services/firebasedatabase.googleapis.com [none]
[debug] [2024-07-05T17:19:57.516Z] >>> [apiv2][(partial)header] GET https://serviceusage.googleapis.com/v1/projects/nextfire-5f873/services/firebasedatabase.googleapis.com x-goog-quota-user=projects/nextfire-5f873
[debug] [2024-07-05T17:19:57.985Z] <<< [apiv2][status] GET https://serviceusage.googleapis.com/v1/projects/nextfire-5f873/services/firebasedatabase.googleapis.com 200
[debug] [2024-07-05T17:19:57.986Z] <<< [apiv2][body] GET https://serviceusage.googleapis.com/v1/projects/nextfire-5f873/services/firebasedatabase.googleapis.com [omitted]
[warn] ⚠  database: missing required API firebasedatabase.googleapis.com. Enabling now... 
[debug] [2024-07-05T17:19:57.986Z] >>> [apiv2][query] POST https://serviceusage.googleapis.com/v1/projects/nextfire-5f873/services/firebasedatabase.googleapis.com:enable [none]
[debug] [2024-07-05T17:19:57.986Z] >>> [apiv2][(partial)header] POST https://serviceusage.googleapis.com/v1/projects/nextfire-5f873/services/firebasedatabase.googleapis.com:enable x-goog-quota-user=projects/nextfire-5f873
[debug] [2024-07-05T17:19:58.633Z] <<< [apiv2][status] POST https://serviceusage.googleapis.com/v1/projects/nextfire-5f873/services/firebasedatabase.googleapis.com:enable 200
[debug] [2024-07-05T17:19:58.633Z] <<< [apiv2][body] POST https://serviceusage.googleapis.com/v1/projects/nextfire-5f873/services/firebasedatabase.googleapis.com:enable [omitted]
[debug] [2024-07-05T17:20:08.636Z] >>> [apiv2][query] GET https://serviceusage.googleapis.com/v1/projects/nextfire-5f873/services/firebasedatabase.googleapis.com [none]
[debug] [2024-07-05T17:20:08.636Z] >>> [apiv2][(partial)header] GET https://serviceusage.googleapis.com/v1/projects/nextfire-5f873/services/firebasedatabase.googleapis.com x-goog-quota-user=projects/nextfire-5f873
[debug] [2024-07-05T17:20:09.059Z] <<< [apiv2][status] GET https://serviceusage.googleapis.com/v1/projects/nextfire-5f873/services/firebasedatabase.googleapis.com 200
[debug] [2024-07-05T17:20:09.060Z] <<< [apiv2][body] GET https://serviceusage.googleapis.com/v1/projects/nextfire-5f873/services/firebasedatabase.googleapis.com [omitted]
[info] ✔  database: required API firebasedatabase.googleapis.com is enabled 
[info] 
[debug] [2024-07-05T17:20:09.064Z] >>> [apiv2][query] GET https://firebase.googleapis.com/v1beta1/projects/nextfire-5f873 [none]
[debug] [2024-07-05T17:20:09.384Z] <<< [apiv2][status] GET https://firebase.googleapis.com/v1beta1/projects/nextfire-5f873 200
[debug] [2024-07-05T17:20:09.385Z] <<< [apiv2][body] GET https://firebase.googleapis.com/v1beta1/projects/nextfire-5f873 {"projectId":"nextfire-5f873","projectNumber":"343121578459","displayName":"nextfire","name":"projects/nextfire-5f873","resources":{"hostingSite":"nextfire-5f873"},"state":"ACTIVE","etag":"1_51167e9b-f741-45b0-89ca-e609d746d2ea"}
[debug] [2024-07-05T17:20:30.503Z] >>> [apiv2][query] POST https://firebasedatabase.googleapis.com/v1beta/projects/nextfire-5f873/locations/us-central1/instances databaseId=nextfire-5f873-default-rtdb&validateOnly=true
[debug] [2024-07-05T17:20:30.504Z] >>> [apiv2][body] POST https://firebasedatabase.googleapis.com/v1beta/projects/nextfire-5f873/locations/us-central1/instances {"type":"default_database"}
[debug] [2024-07-05T17:20:31.114Z] <<< [apiv2][status] POST https://firebasedatabase.googleapis.com/v1beta/projects/nextfire-5f873/locations/us-central1/instances 200
[debug] [2024-07-05T17:20:31.115Z] <<< [apiv2][body] POST https://firebasedatabase.googleapis.com/v1beta/projects/nextfire-5f873/locations/us-central1/instances {"name":"projects/343121578459/locations/us-central1/instances/nextfire-5f873-default-rtdb","project":"projects/343121578459","databaseUrl":"https://nextfire-5f873-default-rtdb.firebaseio.com","type":"DEFAULT_DATABASE","state":"ACTIVE"}
[debug] [2024-07-05T17:20:31.117Z] >>> [apiv2][query] POST https://firebasedatabase.googleapis.com/v1beta/projects/nextfire-5f873/locations/us-central1/instances databaseId=nextfire-5f873-default-rtdb
[debug] [2024-07-05T17:20:31.117Z] >>> [apiv2][body] POST https://firebasedatabase.googleapis.com/v1beta/projects/nextfire-5f873/locations/us-central1/instances {"type":"default_database"}
[debug] [2024-07-05T17:20:31.627Z] <<< [apiv2][status] POST https://firebasedatabase.googleapis.com/v1beta/projects/nextfire-5f873/locations/us-central1/instances 200
[debug] [2024-07-05T17:20:31.627Z] <<< [apiv2][body] POST https://firebasedatabase.googleapis.com/v1beta/projects/nextfire-5f873/locations/us-central1/instances {"name":"projects/343121578459/locations/us-central1/instances/nextfire-5f873-default-rtdb","project":"projects/343121578459","databaseUrl":"https://nextfire-5f873-default-rtdb.firebaseio.com","type":"DEFAULT_DATABASE","state":"ACTIVE"}
[info] 
[info] Firebase Realtime Database Security Rules allow you to define how your data should be
[info] structured and when your data can be read from and written to.
[info] 
[debug] [2024-07-05T17:20:35.075Z] >>> [apiv2][query] GET https://nextfire-5f873-default-rtdb.firebaseio.com/.settings/rules.json [none]
[debug] [2024-07-05T17:20:35.597Z] <<< [apiv2][status] GET https://nextfire-5f873-default-rtdb.firebaseio.com/.settings/rules.json 200
[debug] [2024-07-05T17:20:35.598Z] <<< [apiv2][body] GET https://nextfire-5f873-default-rtdb.firebaseio.com/.settings/rules.json [stream]
[info] ✔  Database Rules for nextfire-5f873-default-rtdb have been written to database.rules.json. 
[info] Future modifications to database.rules.json will update Realtime Database Security Rules when you run
[info] firebase deploy.
[info] 
=== Firestore Setup
[debug] [2024-07-05T17:20:35.603Z] >>> [apiv2][query] GET https://serviceusage.googleapis.com/v1/projects/nextfire-5f873/services/firestore.googleapis.com [none]
[debug] [2024-07-05T17:20:35.603Z] >>> [apiv2][(partial)header] GET https://serviceusage.googleapis.com/v1/projects/nextfire-5f873/services/firestore.googleapis.com x-goog-quota-user=projects/nextfire-5f873
[debug] [2024-07-05T17:20:36.136Z] <<< [apiv2][status] GET https://serviceusage.googleapis.com/v1/projects/nextfire-5f873/services/firestore.googleapis.com 200
[debug] [2024-07-05T17:20:36.136Z] <<< [apiv2][body] GET https://serviceusage.googleapis.com/v1/projects/nextfire-5f873/services/firestore.googleapis.com [omitted]
[debug] [2024-07-05T17:20:36.137Z] >>> [apiv2][query] GET https://firestore.googleapis.com/v1/projects/nextfire-5f873/databases/(default) [none]
[debug] [2024-07-05T17:20:36.572Z] <<< [apiv2][status] GET https://firestore.googleapis.com/v1/projects/nextfire-5f873/databases/(default) 200
[debug] [2024-07-05T17:20:36.572Z] <<< [apiv2][body] GET https://firestore.googleapis.com/v1/projects/nextfire-5f873/databases/(default) {"name":"projects/nextfire-5f873/databases/(default)","uid":"ba7c9230-d85c-4511-966d-76a29349b5e1","createTime":"2024-07-05T17:03:15.821865Z","updateTime":"2024-07-05T17:03:15.821865Z","locationId":"nam5","type":"FIRESTORE_NATIVE","concurrencyMode":"PESSIMISTIC","versionRetentionPeriod":"3600s","earliestVersionTime":"2024-07-05T17:03:15.821865Z","appEngineIntegrationMode":"DISABLED","keyPrefix":"s","pointInTimeRecoveryEnablement":"POINT_IN_TIME_RECOVERY_DISABLED","deleteProtectionState":"DELETE_PROTECTION_DISABLED","etag":"IIid/MC0kIcDMKmK29CwkIcD"}
[debug] [2024-07-05T17:20:36.572Z] database_type: FIRESTORE_NATIVE
[debug] [2024-07-05T17:20:36.572Z] > command requires scopes: ["email","openid","https://www.googleapis.com/auth/cloudplatformprojects.readonly","https://www.googleapis.com/auth/firebase","https://www.googleapis.com/auth/cloud-platform"]
[debug] [2024-07-05T17:20:36.573Z] > authorizing via signed-in user (douglas.s.szeto@gmail.com)
[debug] [2024-07-05T17:20:36.573Z] [iam] checking project nextfire-5f873 for permissions ["firebase.projects.get"]
[debug] [2024-07-05T17:20:36.573Z] >>> [apiv2][query] POST https://cloudresourcemanager.googleapis.com/v1/projects/nextfire-5f873:testIamPermissions [none]
[debug] [2024-07-05T17:20:36.573Z] >>> [apiv2][(partial)header] POST https://cloudresourcemanager.googleapis.com/v1/projects/nextfire-5f873:testIamPermissions x-goog-quota-user=projects/nextfire-5f873
[debug] [2024-07-05T17:20:36.573Z] >>> [apiv2][body] POST https://cloudresourcemanager.googleapis.com/v1/projects/nextfire-5f873:testIamPermissions {"permissions":["firebase.projects.get"]}
[debug] [2024-07-05T17:20:36.833Z] <<< [apiv2][status] POST https://cloudresourcemanager.googleapis.com/v1/projects/nextfire-5f873:testIamPermissions 200
[debug] [2024-07-05T17:20:36.833Z] <<< [apiv2][body] POST https://cloudresourcemanager.googleapis.com/v1/projects/nextfire-5f873:testIamPermissions {"permissions":["firebase.projects.get"]}
[info] 
[info] Firestore Security Rules allow you to define how and when to allow
[info] requests. You can keep these rules in your project directory
[info] and publish them with firebase deploy.
[info] 
[debug] [2024-07-05T17:20:40.597Z] >>> [apiv2][query] GET https://firebaserules.googleapis.com/v1/projects/nextfire-5f873/releases pageSize=10&pageToken=
[debug] [2024-07-05T17:20:40.822Z] <<< [apiv2][status] GET https://firebaserules.googleapis.com/v1/projects/nextfire-5f873/releases 200
[debug] [2024-07-05T17:20:40.822Z] <<< [apiv2][body] GET https://firebaserules.googleapis.com/v1/projects/nextfire-5f873/releases {"releases":[{"name":"projects/nextfire-5f873/releases/cloud.firestore","rulesetName":"projects/nextfire-5f873/rulesets/8a4926ea-b86a-41a1-ab00-19f6fadf6ef0","createTime":"2024-07-05T17:03:20.618466Z","updateTime":"2024-07-05T17:03:20.618466Z"}]}
[debug] [2024-07-05T17:20:40.823Z] Found ruleset: projects/nextfire-5f873/rulesets/8a4926ea-b86a-41a1-ab00-19f6fadf6ef0
[debug] [2024-07-05T17:20:40.823Z] >>> [apiv2][query] GET https://firebaserules.googleapis.com/v1/projects/nextfire-5f873/rulesets/8a4926ea-b86a-41a1-ab00-19f6fadf6ef0 [none]
[debug] [2024-07-05T17:20:40.958Z] <<< [apiv2][status] GET https://firebaserules.googleapis.com/v1/projects/nextfire-5f873/rulesets/8a4926ea-b86a-41a1-ab00-19f6fadf6ef0 200
[debug] [2024-07-05T17:20:40.958Z] <<< [apiv2][body] GET https://firebaserules.googleapis.com/v1/projects/nextfire-5f873/rulesets/8a4926ea-b86a-41a1-ab00-19f6fadf6ef0 [omitted]
[info] 
[info] Firestore indexes allow you to perform complex queries while
[info] maintaining performance that scales with the size of the result
[info] set. You can keep index definitions in your project directory
[info] and publish them with firebase deploy.
[info] 
[debug] [2024-07-05T17:20:42.507Z] >>> [apiv2][query] GET https://firestore.googleapis.com/v1/projects/nextfire-5f873/databases/(default)/collectionGroups/-/indexes [none]
[debug] [2024-07-05T17:20:42.509Z] >>> [apiv2][query] GET https://firestore.googleapis.com/v1/projects/nextfire-5f873/databases/(default)/collectionGroups/-/fields?filter=indexConfig.usesAncestorConfig=false OR ttlConfig:* [none]
[debug] [2024-07-05T17:20:42.795Z] <<< [apiv2][status] GET https://firestore.googleapis.com/v1/projects/nextfire-5f873/databases/(default)/collectionGroups/-/indexes 200
[debug] [2024-07-05T17:20:42.795Z] <<< [apiv2][body] GET https://firestore.googleapis.com/v1/projects/nextfire-5f873/databases/(default)/collectionGroups/-/indexes {}
[debug] [2024-07-05T17:20:43.163Z] <<< [apiv2][status] GET https://firestore.googleapis.com/v1/projects/nextfire-5f873/databases/(default)/collectionGroups/-/fields?filter=indexConfig.usesAncestorConfig=false OR ttlConfig:* 200
[debug] [2024-07-05T17:20:43.164Z] <<< [apiv2][body] GET https://firestore.googleapis.com/v1/projects/nextfire-5f873/databases/(default)/collectionGroups/-/fields?filter=indexConfig.usesAncestorConfig=false OR ttlConfig:* {"fields":[{"name":"projects/nextfire-5f873/databases/(default)/collectionGroups/__default__/fields/*","indexConfig":{"indexes":[{"queryScope":"COLLECTION","fields":[{"fieldPath":"*","order":"ASCENDING"}],"state":"READY"},{"queryScope":"COLLECTION","fields":[{"fieldPath":"*","order":"DESCENDING"}],"state":"READY"},{"queryScope":"COLLECTION","fields":[{"fieldPath":"*","arrayConfig":"CONTAINS"}],"state":"READY"}]}}]}
[info] 
=== Functions Setup
[debug] [2024-07-05T17:20:43.166Z] > command requires scopes: ["email","openid","https://www.googleapis.com/auth/cloudplatformprojects.readonly","https://www.googleapis.com/auth/firebase","https://www.googleapis.com/auth/cloud-platform"]
[debug] [2024-07-05T17:20:43.166Z] > authorizing via signed-in user (douglas.s.szeto@gmail.com)
[debug] [2024-07-05T17:20:43.166Z] [iam] checking project nextfire-5f873 for permissions ["firebase.projects.get"]
[debug] [2024-07-05T17:20:43.167Z] >>> [apiv2][query] POST https://cloudresourcemanager.googleapis.com/v1/projects/nextfire-5f873:testIamPermissions [none]
[debug] [2024-07-05T17:20:43.167Z] >>> [apiv2][(partial)header] POST https://cloudresourcemanager.googleapis.com/v1/projects/nextfire-5f873:testIamPermissions x-goog-quota-user=projects/nextfire-5f873
[debug] [2024-07-05T17:20:43.167Z] >>> [apiv2][body] POST https://cloudresourcemanager.googleapis.com/v1/projects/nextfire-5f873:testIamPermissions {"permissions":["firebase.projects.get"]}
[debug] [2024-07-05T17:20:43.387Z] <<< [apiv2][status] POST https://cloudresourcemanager.googleapis.com/v1/projects/nextfire-5f873:testIamPermissions 200
[debug] [2024-07-05T17:20:43.388Z] <<< [apiv2][body] POST https://cloudresourcemanager.googleapis.com/v1/projects/nextfire-5f873:testIamPermissions {"permissions":["firebase.projects.get"]}
[debug] [2024-07-05T17:20:43.388Z] >>> [apiv2][query] GET https://serviceusage.googleapis.com/v1/projects/nextfire-5f873/services/cloudfunctions.googleapis.com [none]
[debug] [2024-07-05T17:20:43.389Z] >>> [apiv2][(partial)header] GET https://serviceusage.googleapis.com/v1/projects/nextfire-5f873/services/cloudfunctions.googleapis.com x-goog-quota-user=projects/nextfire-5f873
[debug] [2024-07-05T17:20:43.394Z] >>> [apiv2][query] GET https://serviceusage.googleapis.com/v1/projects/nextfire-5f873/services/runtimeconfig.googleapis.com [none]
[debug] [2024-07-05T17:20:43.394Z] >>> [apiv2][(partial)header] GET https://serviceusage.googleapis.com/v1/projects/nextfire-5f873/services/runtimeconfig.googleapis.com x-goog-quota-user=projects/nextfire-5f873
[debug] [2024-07-05T17:20:43.795Z] <<< [apiv2][status] GET https://serviceusage.googleapis.com/v1/projects/nextfire-5f873/services/runtimeconfig.googleapis.com 200
[debug] [2024-07-05T17:20:43.795Z] <<< [apiv2][body] GET https://serviceusage.googleapis.com/v1/projects/nextfire-5f873/services/runtimeconfig.googleapis.com [omitted]
[debug] [2024-07-05T17:20:43.804Z] <<< [apiv2][status] GET https://serviceusage.googleapis.com/v1/projects/nextfire-5f873/services/cloudfunctions.googleapis.com 200
[debug] [2024-07-05T17:20:43.805Z] <<< [apiv2][body] GET https://serviceusage.googleapis.com/v1/projects/nextfire-5f873/services/cloudfunctions.googleapis.com [omitted]
[debug] [2024-07-05T17:20:43.805Z] >>> [apiv2][query] POST https://serviceusage.googleapis.com/v1/projects/nextfire-5f873/services/cloudfunctions.googleapis.com:enable [none]
[debug] [2024-07-05T17:20:43.805Z] >>> [apiv2][(partial)header] POST https://serviceusage.googleapis.com/v1/projects/nextfire-5f873/services/cloudfunctions.googleapis.com:enable x-goog-quota-user=projects/nextfire-5f873
[debug] [2024-07-05T17:20:44.372Z] <<< [apiv2][status] POST https://serviceusage.googleapis.com/v1/projects/nextfire-5f873/services/cloudfunctions.googleapis.com:enable 200
[debug] [2024-07-05T17:20:44.373Z] <<< [apiv2][body] POST https://serviceusage.googleapis.com/v1/projects/nextfire-5f873/services/cloudfunctions.googleapis.com:enable [omitted]
[debug] [2024-07-05T17:20:54.374Z] >>> [apiv2][query] GET https://serviceusage.googleapis.com/v1/projects/nextfire-5f873/services/cloudfunctions.googleapis.com [none]
[debug] [2024-07-05T17:20:54.374Z] >>> [apiv2][(partial)header] GET https://serviceusage.googleapis.com/v1/projects/nextfire-5f873/services/cloudfunctions.googleapis.com x-goog-quota-user=projects/nextfire-5f873
[debug] [2024-07-05T17:20:54.793Z] <<< [apiv2][status] GET https://serviceusage.googleapis.com/v1/projects/nextfire-5f873/services/cloudfunctions.googleapis.com 200
[debug] [2024-07-05T17:20:54.793Z] <<< [apiv2][body] GET https://serviceusage.googleapis.com/v1/projects/nextfire-5f873/services/cloudfunctions.googleapis.com [omitted]
[info] Let's create a new codebase for your functions.
[info] A directory corresponding to the codebase will be created in your project
[info] with sample code pre-configured.

[info] See https://firebase.google.com/docs/functions/organize-functions for
[info] more information on organizing your functions using codebases.

[info] Functions can be deployed with firebase deploy.

[info] ✔  Wrote functions/package.json 
[info] ✔  Wrote functions/.eslintrc.js 
[info] ✔  Wrote functions/tsconfig.json 
[info] ✔  Wrote functions/tsconfig.dev.json 
[info] ✔  Wrote functions/src/index.ts 
[info] ✔  Wrote functions/.gitignore 
[info] 
=== Hosting Setup
[debug] [2024-07-05T17:51:33.468Z] >>> [apiv2][query] GET https://firebase.googleapis.com/v1beta1/projects/nextfire-5f873 [none]
[debug] [2024-07-05T17:51:33.794Z] <<< [apiv2][status] GET https://firebase.googleapis.com/v1beta1/projects/nextfire-5f873 200
[debug] [2024-07-05T17:51:33.794Z] <<< [apiv2][body] GET https://firebase.googleapis.com/v1beta1/projects/nextfire-5f873 {"projectId":"nextfire-5f873","projectNumber":"343121578459","displayName":"nextfire","name":"projects/nextfire-5f873","resources":{"hostingSite":"nextfire-5f873","realtimeDatabaseInstance":"nextfire-5f873-default-rtdb"},"state":"ACTIVE","etag":"1_51167e9b-f741-45b0-89ca-e609d746d2ea"}
[info] 
[info] Your public directory is the folder (relative to your project directory) that
[info] will contain Hosting assets to be uploaded with firebase deploy. If you
[info] have a build process for your assets, use your build's output directory.
[info] 
